ICDB server [info]: [AutoSave] backup of size [43.9 kB] created successfully in location [D:\Desktop\Simuladores\PADS\Designer\IC-Shelter\ProjectBackup\backups\2021-10-03 16.36.56 - auto.zip]
Properties> This property is not defined. Please define the property before editing.
Properties> This property is not defined. Please define the property before editing.
ICDB server [info]: Starting [Autosave] backup process
ICDB server [info]: [AutoSave] backup of size [188.1 kB] created successfully in location [D:\Desktop\Simuladores\PADS\Designer\IC-Shelter\ProjectBackup\backups\2021-10-03 20.36.56 - auto.zip]
DRC> Info : Reading Check definitions : 'c:/mentorgraphics\padsvx.2.7\sdd_home\standard\NetlistVerifyDefaults.ini' : OK
DRC> Reading GUI file 'c:/mentorgraphics\padsvx.2.7\sdd_home\standard\NetlistVerifyDefaults.ini'
DRC> Info : Reading Check definitions : 'c:/mentorgraphics\padsvx.2.7\sdd_home\standard\NetlistVerifyDefaults.ini' : OK
DRC> Reading GUI file 'c:/mentorgraphics\padsvx.2.7\sdd_home\standard\NetlistVerifyDefaults.ini'
ICDB server [info]: [AutoSave] backup of size [230.0 kB] created successfully in location [D:\Desktop\Simuladores\PADS\Designer\IC-Shelter\ProjectBackup\backups\2021-10-11 19.26.20 - auto.zip]
DRC> Info : Reading Check definitions : 'c:/mentorgraphics\padsvx.2.7\sdd_home\standard\NetlistVerifyDefaults.ini' : OK
DRC> Reading GUI file 'c:/mentorgraphics\padsvx.2.7\sdd_home\standard\NetlistVerifyDefaults.ini'
DRC> Info : Reading Check definitions : 'c:/mentorgraphics\padsvx.2.7\sdd_home\standard\NetlistVerifyDefaults.ini' : OK
DRC> Reading GUI file 'c:/mentorgraphics\padsvx.2.7\sdd_home\standard\NetlistVerifyDefaults.ini'
ICDB server [info]: [AutoSave] backup of size [450.3 kB] created successfully in location [D:\Desktop\Simuladores\PADS\Designer\IC-Shelter\ProjectBackup\backups\2021-10-17 15.51.17 - auto.zip]
DRC> Info : Reading Check definitions : 'c:/mentorgraphics\padsvx.2.7\sdd_home\standard\NetlistVerifyDefaults.ini' : OK
DRC> Reading GUI file 'c:/mentorgraphics\padsvx.2.7\sdd_home\standard\NetlistVerifyDefaults.ini'
ICDB server [info]: [AutoSave] backup of size [478.2 kB] created successfully in location [D:\Desktop\Simuladores\PADS\Designer\IC-Shelter\ProjectBackup\backups\2021-10-18 18.55.17 - auto.zip]
ICDB server [info]: [AutoSave] backup of size [485.1 kB] created successfully in location [D:\Desktop\Simuladores\PADS\Designer\IC-Shelter\ProjectBackup\backups\2021-10-23 16.51.37 - auto.zip]
ICDB server [info]: [AutoSave] backup of size [491.8 kB] created successfully in location [D:\Desktop\Simuladores\PADS\Designer\IC-Shelter\ProjectBackup\backups\2021-10-24 17.53.52 - auto.zip]
ICDB server [info]: [AutoSave] backup of size [491.0 kB] created successfully in location [D:\Desktop\Simuladores\PADS\Designer\IC-Shelter\ProjectBackup\backups\2021-10-30 11.06.09 - auto.zip]
This symbol represents a Global Signal and cannot be named. To change the signal assignment modify the Global Signal Name property.
ICDB server [info]: Starting [Autosave] backup process
ICDB server [info]: [AutoSave] backup of size [495.4 kB] created successfully in location [D:\Desktop\Simuladores\PADS\Designer\IC-Shelter\ProjectBackup\backups\2021-10-30 15.06.09 - auto.zip]
