PADS Layout ECO Generator (Version 6.4v) 10/30/2021 4:07:24 PM
Restricted Copyright Siemens 2020. All Rights Reserved
Command line arguments:  -e D:\Desktop\Simuladores\PADS\Designer\IC-Shelter\Log Files\ECOGEN.ERR -r p -a PCB,PART,NET,PIN -f -l PCB,NET,NETCLASS,GEN,DFP
2 msec
0 msec
Reading the OLD DESIGN
There are 129 parts in the design
There are 102 signals in the design
There are 382 pins in the design
5 msec
Reading the NEW DESIGN
WARNING: Signal VCC has 1 pins
There are 129 parts in the design
There are 104 signals in the design
There are 384 pins in the design
2 msec
Final cost=40
Partitioning - 1 msec
Final Matching - 0 msec
Deleted pins: 0,  Added pins: 2
